[13-Apr-2023 21:37:23] NOTICE: fpm is running, pid 92674
[13-Apr-2023 21:37:23] NOTICE: ready to handle connections
[14-Apr-2023 08:51:48] NOTICE: Terminating ...
[14-Apr-2023 08:51:48] NOTICE: Terminating ...
[14-Apr-2023 08:51:48] NOTICE: exiting, bye-bye!
[20-Apr-2023 13:02:20] NOTICE: fpm is running, pid 53518
[20-Apr-2023 13:02:20] NOTICE: ready to handle connections
[21-Apr-2023 09:51:34] NOTICE: Terminating ...
[21-Apr-2023 09:51:34] NOTICE: Terminating ...
[21-Apr-2023 09:51:34] NOTICE: exiting, bye-bye!
[23-Apr-2023 20:22:02] NOTICE: fpm is running, pid 18567
[23-Apr-2023 20:22:02] NOTICE: ready to handle connections
[23-Apr-2023 20:49:18] NOTICE: Terminating ...
[23-Apr-2023 20:49:18] NOTICE: Terminating ...
[23-Apr-2023 20:49:18] NOTICE: exiting, bye-bye!
[07-May-2023 11:13:48] NOTICE: fpm is running, pid 55165
[07-May-2023 11:13:48] NOTICE: ready to handle connections
[11-May-2023 09:08:40] NOTICE: fpm is running, pid 15104
[11-May-2023 09:08:40] NOTICE: ready to handle connections
[11-May-2023 15:03:02] NOTICE: Terminating ...
[11-May-2023 15:03:02] NOTICE: Terminating ...
[11-May-2023 15:03:02] NOTICE: exiting, bye-bye!
[11-May-2023 15:03:24] NOTICE: fpm is running, pid 23745
[11-May-2023 15:03:24] NOTICE: ready to handle connections
[11-May-2023 22:01:47] NOTICE: Terminating ...
[11-May-2023 22:01:47] NOTICE: Terminating ...
[11-May-2023 22:01:47] NOTICE: exiting, bye-bye!
[13-May-2023 16:20:50] NOTICE: fpm is running, pid 52931
[13-May-2023 16:20:50] NOTICE: ready to handle connections
[14-May-2023 20:50:46] NOTICE: Terminating ...
[14-May-2023 20:50:46] NOTICE: Terminating ...
[14-May-2023 20:50:46] NOTICE: exiting, bye-bye!
[20-May-2023 21:44:47] NOTICE: fpm is running, pid 52137
[20-May-2023 21:44:47] NOTICE: ready to handle connections
